A	C	G	T	N	IUPAC	Other	GC	GC_stdev
0.3163	0.1849	0.1920	0.3068	0.0000	0.0000	0.0000	0.3768	0.0943

Main genome scaffold total:         	36
Main genome contig total:           	36
Main genome scaffold sequence total:	3148469
Main genome contig sequence total:  	3148469  	0.000% gap
Main genome scaffold N/L50:         	1/2027623
Main genome contig N/L50:           	1/2027623
Main genome scaffold N/L90:         	4/140172
Main genome contig N/L90:           	4/140172
Max scaffold length:                	2027623
Max contig length:                  	2027623
Number of scaffolds > 50 KB:        	5
% main genome in scaffolds > 50 KB: 	95.66%


Minimum 	Number        	Number        	Total         	Total         	Scaffold
Scaffold	of            	of            	Scaffold      	Contig        	Contig  
Length  	Scaffolds     	Contigs       	Length        	Length        	Coverage
--------	--------------	--------------	--------------	--------------	--------
    All 	            36	            36	       3148469	       3148469	 100.00%
     50 	            36	            36	       3148469	       3148469	 100.00%
    100 	            32	            32	       3148212	       3148212	 100.00%
    250 	            19	            19	       3145944	       3145944	 100.00%
    500 	            12	            12	       3143472	       3143472	 100.00%
   1000 	            12	            12	       3143472	       3143472	 100.00%
   2500 	            12	            12	       3143472	       3143472	 100.00%
   5000 	            10	            10	       3136912	       3136912	 100.00%
  10000 	             9	             9	       3127539	       3127539	 100.00%
  25000 	             8	             8	       3115156	       3115156	 100.00%
  50000 	             5	             5	       3011862	       3011862	 100.00%
 100000 	             4	             4	       2948965	       2948965	 100.00%
 250000 	             2	             2	       2585317	       2585317	 100.00%
 500000 	             2	             2	       2585317	       2585317	 100.00%
1000000 	             1	             1	       2027623	       2027623	 100.00%

