A	C	G	T	N	IUPAC	Other	GC	GC_stdev
0.3177	0.1838	0.1933	0.3053	0.0000	0.0000	0.0000	0.3771	0.0247

Main genome scaffold total:         	11
Main genome contig total:           	11
Main genome scaffold sequence total:	3190116
Main genome contig sequence total:  	3190116  	0.000% gap
Main genome scaffold N/L50:         	2/1362697
Main genome contig N/L50:           	2/1362697
Main genome scaffold N/L90:         	3/201948
Main genome contig N/L90:           	3/201948
Max scaffold length:                	1414516
Max contig length:                  	1414516
Number of scaffolds > 50 KB:        	4
% main genome in scaffolds > 50 KB: 	95.44%


Minimum 	Number        	Number        	Total         	Total         	Scaffold
Scaffold	of            	of            	Scaffold      	Contig        	Contig  
Length  	Scaffolds     	Contigs       	Length        	Length        	Coverage
--------	--------------	--------------	--------------	--------------	--------
    All 	            11	            11	       3190116	       3190116	 100.00%
   2500 	            11	            11	       3190116	       3190116	 100.00%
   5000 	            10	            10	       3186441	       3186441	 100.00%
  10000 	            10	            10	       3186441	       3186441	 100.00%
  25000 	             7	             7	       3142519	       3142519	 100.00%
  50000 	             4	             4	       3044718	       3044718	 100.00%
 100000 	             3	             3	       2979161	       2979161	 100.00%
 250000 	             2	             2	       2777213	       2777213	 100.00%
 500000 	             2	             2	       2777213	       2777213	 100.00%
1000000 	             2	             2	       2777213	       2777213	 100.00%

